
2019-08-27 15:09:31.000594 pid=9792:tid=14240                	ENTER SQLAllocHandle 
		SQLSMALLINT                  1 <SQL_HANDLE_ENV>
		SQLHANDLE           0x0000000000000000
		SQLHANDLE *         0x000002770ACC46F8

2019-08-27 15:09:31.000594 pid=9792:tid=14240                	EXIT  SQLAllocHandle  with return code 0 (SQL_SUCCESS)
		SQLSMALLINT                  1 <SQL_HANDLE_ENV>
		SQLHANDLE           0x0000000000000000
		SQLHANDLE *         0x000002770ACC46F8 ( 0x000002770AE59C40)

2019-08-27 15:09:31.000594 pid=9792:tid=14240                	ENTER SQLSetEnvAttr 
		SQLHENV             0x000002770AE59C40
		SQLINTEGER                 200 <SQL_ATTR_ODBC_VERSION>
		SQLPOINTER                 380
		SQLINTEGER                   0 

2019-08-27 15:09:31.000594 pid=9792:tid=14240                	EXIT  SQLSetEnvAttr  with return code 0 (SQL_SUCCESS)
		SQLHENV             0x000002770AE59C40
		SQLINTEGER                 200 <SQL_ATTR_ODBC_VERSION>
		SQLPOINTER                 380
		SQLINTEGER                   0 

2019-08-27 15:09:31.000594 pid=9792:tid=14240                	ENTER SQLAllocHandle 
		SQLSMALLINT                  2 <SQL_HANDLE_DBC>
		SQLHANDLE           0x000002770AE59C40
		SQLHANDLE *         0x000002770C97D7E8

2019-08-27 15:09:31.000595 pid=9792:tid=14240                	EXIT  SQLAllocHandle  with return code 0 (SQL_SUCCESS)
		SQLSMALLINT                  2 <SQL_HANDLE_DBC>
		SQLHANDLE           0x000002770AE59C40
		SQLHANDLE *         0x000002770C97D7E8 ( 0x000002770AE59050)

2019-08-27 15:09:31.000595 pid=9792:tid=14240                	ENTER SQLDriverConnectW 
		HDBC                0x000002770AE59050
		HWND                0x0000000000000000
		WCHAR *             0x00007FF88D6821B0 [      -3] "******"
		SWORD                       -3 
		WCHAR *             0x00007FF88D6821B0 [      -3] "******"
		SWORD                       -3 
		SWORD *             0x0000000000000000
		UWORD                        0 <SQL_DRIVER_NOPROMPT>

2019-08-27 15:09:36.000118 pid=9792:tid=14240                	EXIT  SQLDriverConnectW  with return code 1 (SQL_SUCCESS_WITH_INFO)
		HDBC                0x000002770AE59050
		HWND                0x0000000000000000
		WCHAR *             0x00007FF88D6821B0 
		SWORD                       -3 
		WCHAR *             0x00007FF88D6821B0 
		SWORD                       -3 
		SWORD *             0x0000000000000000
		UWORD                        0 <SQL_DRIVER_NOPROMPT>

2019-08-27 15:09:36.000119 pid=9792:tid=14240                	ENTER SQLGetInfoW 
		HDBC                0x000002770AE59050
		UWORD                       17 <SQL_DBMS_NAME>
		PTR                 0x000002770AE59F30 
		SWORD                      522 
		SWORD *             0x000000839EEFCB50 (0)

2019-08-27 15:09:36.000119 pid=9792:tid=14240                	EXIT  SQLGetInfoW  with return code 0 (SQL_SUCCESS)
		HDBC                0x000002770AE59050
		UWORD                       17 <SQL_DBMS_NAME>
		PTR                 0x000002770AE59F30 [      -3] "Oracle"
		SWORD                      522 
		SWORD *             0x000000839EEFCB50 (12)

2019-08-27 15:09:36.000119 pid=9792:tid=14240                	ENTER SQLGetInfoW 
		HDBC                0x000002770AE59050
		UWORD                       18 <SQL_DBMS_VER>
		PTR                 0x000002770AE59F30 
		SWORD                      522 
		SWORD *             0x000000839EEFCB50 (0)

2019-08-27 15:09:36.000119 pid=9792:tid=14240                	EXIT  SQLGetInfoW  with return code 0 (SQL_SUCCESS)
		HDBC                0x000002770AE59050
		UWORD                       18 <SQL_DBMS_VER>
		PTR                 0x000002770AE59F30 [      -3] "12.02.0000 Oracle 12.2.0.1.0"
		SWORD                      522 
		SWORD *             0x000000839EEFCB50 (56)

2019-08-27 15:09:36.000120 pid=9792:tid=14240                	ENTER SQLGetInfoW 
		HDBC                0x000002770AE59050
		UWORD                        6 <SQL_DRIVER_NAME>
		PTR                 0x000002770AE59F30 
		SWORD                      522 
		SWORD *             0x000000839EEFCB50 (0)

2019-08-27 15:09:36.000120 pid=9792:tid=14240                	EXIT  SQLGetInfoW  with return code 0 (SQL_SUCCESS)
		HDBC                0x000002770AE59050
		UWORD                        6 <SQL_DRIVER_NAME>
		PTR                 0x000002770AE59F30 [      -3] "ddora28.dll"
		SWORD                      522 
		SWORD *             0x000000839EEFCB50 (22)

2019-08-27 15:09:36.000120 pid=9792:tid=14240                	ENTER SQLGetInfoW 
		HDBC                0x000002770AE59050
		UWORD                        7 <SQL_DRIVER_VER>
		PTR                 0x000002770AE59F30 
		SWORD                      522 
		SWORD *             0x000000839EEFCB50 (0)

2019-08-27 15:09:36.000121 pid=9792:tid=14240                	EXIT  SQLGetInfoW  with return code 0 (SQL_SUCCESS)
		HDBC                0x000002770AE59050
		UWORD                        7 <SQL_DRIVER_VER>
		PTR                 0x000002770AE59F30 [      -3] "08.02.2219 (B0459, U0314)"
		SWORD                      522 
		SWORD *             0x000000839EEFCB50 (50)

2019-08-27 15:09:36.000121 pid=9792:tid=14240                	ENTER SQLGetInfoW 
		HDBC                0x000002770AE59050
		UWORD                       26 <SQL_DEFAULT_TXN_ISOLATION>
		PTR                 2666515344
		SWORD                      261 
		SWORD *             0x000000839EEFCB50 (0)

2019-08-27 15:09:36.000121 pid=9792:tid=14240                	EXIT  SQLGetInfoW  with return code 0 (SQL_SUCCESS)
		HDBC                0x000002770AE59050
		UWORD                       26 <SQL_DEFAULT_TXN_ISOLATION>
		PTR                 2666515344
		SWORD                      261 
		SWORD *             0x000000839EEFCB50 (4)

2019-08-27 15:09:36.000121 pid=9792:tid=14240                	ENTER SQLGetInfoW 
		HDBC                0x000002770AE59050
		UWORD                        6 <SQL_DRIVER_NAME>
		PTR                 0x0000000000000000 
		SWORD                        0 
		SWORD *             0x000000839EEFD9C0 (0)

2019-08-27 15:09:36.000122 pid=9792:tid=14240                	EXIT  SQLGetInfoW  with return code 0 (SQL_SUCCESS)
		HDBC                0x000002770AE59050
		UWORD                        6 <SQL_DRIVER_NAME>
		PTR                 0x0000000000000000 [      -3] <empty string>
		SWORD                        0 
		SWORD *             0x000000839EEFD9C0 (22)

2019-08-27 15:09:36.000122 pid=9792:tid=14240                	ENTER SQLGetInfoW 
		HDBC                0x000002770AE59050
		UWORD                        6 <SQL_DRIVER_NAME>
		PTR                 0x000002770C988D70 
		SWORD                       26 
		SWORD *             0x000000839EEFD9C4 (0)

2019-08-27 15:09:36.000122 pid=9792:tid=14240                	EXIT  SQLGetInfoW  with return code 0 (SQL_SUCCESS)
		HDBC                0x000002770AE59050
		UWORD                        6 <SQL_DRIVER_NAME>
		PTR                 0x000002770C988D70 [      -3] "ddora28.dll"
		SWORD                       26 
		SWORD *             0x000000839EEFD9C4 (22)

2019-08-27 15:09:36.000122 pid=9792:tid=14240                	ENTER SQLGetInfoW 
		HDBC                0x000002770AE59050
		UWORD                        7 <SQL_DRIVER_VER>
		PTR                 0x0000000000000000 
		SWORD                        0 
		SWORD *             0x000000839EEFD9C0 (0)

2019-08-27 15:09:36.000122 pid=9792:tid=14240                	EXIT  SQLGetInfoW  with return code 0 (SQL_SUCCESS)
		HDBC                0x000002770AE59050
		UWORD                        7 <SQL_DRIVER_VER>
		PTR                 0x0000000000000000 [      -3] <empty string>
		SWORD                        0 
		SWORD *             0x000000839EEFD9C0 (50)

2019-08-27 15:09:36.000122 pid=9792:tid=14240                	ENTER SQLGetInfoW 
		HDBC                0x000002770AE59050
		UWORD                        7 <SQL_DRIVER_VER>
		PTR                 0x000002770C9A9CB0 
		SWORD                       54 
		SWORD *             0x000000839EEFD9C4 (0)

2019-08-27 15:09:36.000122 pid=9792:tid=14240                	EXIT  SQLGetInfoW  with return code 0 (SQL_SUCCESS)
		HDBC                0x000002770AE59050
		UWORD                        7 <SQL_DRIVER_VER>
		PTR                 0x000002770C9A9CB0 [      -3] "08.02.2219 (B0459, U0314)"
		SWORD                       54 
		SWORD *             0x000000839EEFD9C4 (50)

2019-08-27 15:09:36.000122 pid=9792:tid=14240                	ENTER SQLGetInfoW 
		HDBC                0x000002770AE59050
		UWORD                       16 <SQL_DATABASE_NAME>
		PTR                 0x0000000000000000 
		SWORD                        0 
		SWORD *             0x000000839EEFD9C0 (0)

2019-08-27 15:09:36.000122 pid=9792:tid=14240                	EXIT  SQLGetInfoW  with return code 0 (SQL_SUCCESS)
		HDBC                0x000002770AE59050
		UWORD                       16 <SQL_DATABASE_NAME>
		PTR                 0x0000000000000000 [      -3] <empty string>
		SWORD                        0 
		SWORD *             0x000000839EEFD9C0 (0)

2019-08-27 15:09:36.000122 pid=9792:tid=14240                	ENTER SQLGetInfoW 
		HDBC                0x000002770AE59050
		UWORD                       10 <SQL_ODBC_VER>
		PTR                 0x0000000000000000 
		SWORD                        0 
		SWORD *             0x000000839EEFD9C0 (0)

2019-08-27 15:09:36.000123 pid=9792:tid=14240                	EXIT  SQLGetInfoW  with return code 0 (SQL_SUCCESS)
		HDBC                0x000002770AE59050
		UWORD                       10 <SQL_ODBC_VER>
		PTR                 0x0000000000000000 [      -3] <empty string>
		SWORD                        0 
		SWORD *             0x000000839EEFD9C0 (20)

2019-08-27 15:09:36.000123 pid=9792:tid=14240                	ENTER SQLGetInfoW 
		HDBC                0x000002770AE59050
		UWORD                       10 <SQL_ODBC_VER>
		PTR                 0x000002770C988D70 
		SWORD                       24 
		SWORD *             0x000000839EEFD9C4 (0)

2019-08-27 15:09:36.000123 pid=9792:tid=14240                	EXIT  SQLGetInfoW  with return code 0 (SQL_SUCCESS)
		HDBC                0x000002770AE59050
		UWORD                       10 <SQL_ODBC_VER>
		PTR                 0x000002770C988D70 [      -3] "03.80.0000"
		SWORD                       24 
		SWORD *             0x000000839EEFD9C4 (20)

2019-08-27 15:09:36.000123 pid=9792:tid=14240                	ENTER SQLGetInfoW 
		HDBC                0x000002770AE59050
		UWORD                       17 <SQL_DBMS_NAME>
		PTR                 0x0000000000000000 
		SWORD                        0 
		SWORD *             0x000000839EEFD9C0 (0)

2019-08-27 15:09:36.000123 pid=9792:tid=14240                	EXIT  SQLGetInfoW  with return code 0 (SQL_SUCCESS)
		HDBC                0x000002770AE59050
		UWORD                       17 <SQL_DBMS_NAME>
		PTR                 0x0000000000000000 [      -3] <empty string>
		SWORD                        0 
		SWORD *             0x000000839EEFD9C0 (12)

2019-08-27 15:09:36.000123 pid=9792:tid=14240                	ENTER SQLGetInfoW 
		HDBC                0x000002770AE59050
		UWORD                       17 <SQL_DBMS_NAME>
		PTR                 0x000000839EEFD9C8 
		SWORD                       16 
		SWORD *             0x000000839EEFD9C4 (0)

2019-08-27 15:09:36.000123 pid=9792:tid=14240                	EXIT  SQLGetInfoW  with return code 0 (SQL_SUCCESS)
		HDBC                0x000002770AE59050
		UWORD                       17 <SQL_DBMS_NAME>
		PTR                 0x000000839EEFD9C8 [      -3] "Oracle"
		SWORD                       16 
		SWORD *             0x000000839EEFD9C4 (12)

2019-08-27 15:09:36.000123 pid=9792:tid=14240                	ENTER SQLGetFunctions 
		HDBC                0x000002770AE59050
		UWORD                      999 
		UWORD *             0x000000839EEFD7D0 (0)

2019-08-27 15:09:36.000123 pid=9792:tid=14240                	EXIT  SQLGetFunctions  with return code 0 (SQL_SUCCESS)
		HDBC                0x000002770AE59050
		UWORD                      999 
		UWORD *             0x000000839EEFD7D0 (65534)

2019-08-27 15:09:36.000123 pid=9792:tid=14240                	ENTER SQLDisconnect 
		HDBC                0x000002770AE59050

2019-08-27 15:09:36.000344 pid=9792:tid=14240                	EXIT  SQLDisconnect  with return code 0 (SQL_SUCCESS)
		HDBC                0x000002770AE59050

2019-08-27 15:09:36.000345 pid=9792:tid=14240                	ENTER SQLFreeHandle 
		SQLSMALLINT                  2 <SQL_HANDLE_DBC>
		SQLHANDLE           0x000002770AE59050

2019-08-27 15:09:36.000345 pid=9792:tid=14240                	EXIT  SQLFreeHandle  with return code 0 (SQL_SUCCESS)
		SQLSMALLINT                  2 <SQL_HANDLE_DBC>
		SQLHANDLE           0x000002770AE59050

2019-08-27 15:09:36.000345 pid=9792:tid=14240                	ENTER SQLAllocHandle 
		SQLSMALLINT                  2 <SQL_HANDLE_DBC>
		SQLHANDLE           0x000002770AE59C40
		SQLHANDLE *         0x000002770C99F448

2019-08-27 15:09:36.000345 pid=9792:tid=14240                	EXIT  SQLAllocHandle  with return code 0 (SQL_SUCCESS)
		SQLSMALLINT                  2 <SQL_HANDLE_DBC>
		SQLHANDLE           0x000002770AE59C40
		SQLHANDLE *         0x000002770C99F448 ( 0x000002770AE59050)

2019-08-27 15:09:36.000345 pid=9792:tid=14240                	ENTER SQLDriverConnectW 
		HDBC                0x000002770AE59050
		HWND                0x0000000000000000
		WCHAR *             0x00007FF88D6821B0 [      -3] "******"
		SWORD                       -3 
		WCHAR *             0x00007FF88D6821B0 [      -3] "******"
		SWORD                       -3 
		SWORD *             0x0000000000000000
		UWORD                        0 <SQL_DRIVER_NOPROMPT>

2019-08-27 15:09:39.000887 pid=9792:tid=14240                	EXIT  SQLDriverConnectW  with return code 1 (SQL_SUCCESS_WITH_INFO)
		HDBC                0x000002770AE59050
		HWND                0x0000000000000000
		WCHAR *             0x00007FF88D6821B0 
		SWORD                       -3 
		WCHAR *             0x00007FF88D6821B0 
		SWORD                       -3 
		SWORD *             0x0000000000000000
		UWORD                        0 <SQL_DRIVER_NOPROMPT>

2019-08-27 15:09:39.000887 pid=9792:tid=14240                	ENTER SQLGetInfoW 
		HDBC                0x000002770AE59050
		UWORD                       17 <SQL_DBMS_NAME>
		PTR                 0x000002770AE5A060 
		SWORD                      522 
		SWORD *             0x000000839EEFCB60 (0)

2019-08-27 15:09:39.000888 pid=9792:tid=14240                	EXIT  SQLGetInfoW  with return code 0 (SQL_SUCCESS)
		HDBC                0x000002770AE59050
		UWORD                       17 <SQL_DBMS_NAME>
		PTR                 0x000002770AE5A060 [      -3] "Oracle"
		SWORD                      522 
		SWORD *             0x000000839EEFCB60 (12)

2019-08-27 15:09:39.000888 pid=9792:tid=14240                	ENTER SQLGetInfoW 
		HDBC                0x000002770AE59050
		UWORD                       18 <SQL_DBMS_VER>
		PTR                 0x000002770AE5A060 
		SWORD                      522 
		SWORD *             0x000000839EEFCB60 (0)

2019-08-27 15:09:39.000888 pid=9792:tid=14240                	EXIT  SQLGetInfoW  with return code 0 (SQL_SUCCESS)
		HDBC                0x000002770AE59050
		UWORD                       18 <SQL_DBMS_VER>
		PTR                 0x000002770AE5A060 [      -3] "12.02.0000 Oracle 12.2.0.1.0"
		SWORD                      522 
		SWORD *             0x000000839EEFCB60 (56)

2019-08-27 15:09:39.000889 pid=9792:tid=14240                	ENTER SQLGetInfoW 
		HDBC                0x000002770AE59050
		UWORD                        6 <SQL_DRIVER_NAME>
		PTR                 0x000002770AE5A060 
		SWORD                      522 
		SWORD *             0x000000839EEFCB60 (0)

2019-08-27 15:09:39.000889 pid=9792:tid=14240                	EXIT  SQLGetInfoW  with return code 0 (SQL_SUCCESS)
		HDBC                0x000002770AE59050
		UWORD                        6 <SQL_DRIVER_NAME>
		PTR                 0x000002770AE5A060 [      -3] "ddora28.dll"
		SWORD                      522 
		SWORD *             0x000000839EEFCB60 (22)

2019-08-27 15:09:39.000889 pid=9792:tid=14240                	ENTER SQLGetInfoW 
		HDBC                0x000002770AE59050
		UWORD                        7 <SQL_DRIVER_VER>
		PTR                 0x000002770AE5A060 
		SWORD                      522 
		SWORD *             0x000000839EEFCB60 (0)

2019-08-27 15:09:39.000889 pid=9792:tid=14240                	EXIT  SQLGetInfoW  with return code 0 (SQL_SUCCESS)
		HDBC                0x000002770AE59050
		UWORD                        7 <SQL_DRIVER_VER>
		PTR                 0x000002770AE5A060 [      -3] "08.02.2219 (B0459, U0314)"
		SWORD                      522 
		SWORD *             0x000000839EEFCB60 (50)

2019-08-27 15:09:39.000890 pid=9792:tid=14240                	ENTER SQLGetInfoW 
		HDBC                0x000002770AE59050
		UWORD                       26 <SQL_DEFAULT_TXN_ISOLATION>
		PTR                 2666515360
		SWORD                      261 
		SWORD *             0x000000839EEFCB60 (0)

2019-08-27 15:09:39.000890 pid=9792:tid=14240                	EXIT  SQLGetInfoW  with return code 0 (SQL_SUCCESS)
		HDBC                0x000002770AE59050
		UWORD                       26 <SQL_DEFAULT_TXN_ISOLATION>
		PTR                 2666515360
		SWORD                      261 
		SWORD *             0x000000839EEFCB60 (4)

2019-08-27 15:09:39.000891 pid=9792:tid=20396                	ENTER SQLAllocHandle 
		SQLSMALLINT                  3 <SQL_HANDLE_STMT>
		SQLHANDLE           0x000002770AE59050
		SQLHANDLE *         0x000002770C9AB898

2019-08-27 15:09:39.000893 pid=9792:tid=20396                	EXIT  SQLAllocHandle  with return code 0 (SQL_SUCCESS)
		SQLSMALLINT                  3 <SQL_HANDLE_STMT>
		SQLHANDLE           0x000002770AE59050
		SQLHANDLE *         0x000002770C9AB898 ( 0x000002770AE5B5B0)

2019-08-27 15:09:39.000893 pid=9792:tid=20396                	ENTER SQLExecDirectW 
		HSTMT               0x000002770AE5B5B0
		WCHAR *             0x000002770C99F070 [      -3] "SELECT * FROM test"
		SDWORD                      18

2019-08-27 15:09:40.000145 pid=9792:tid=20396                	EXIT  SQLExecDirectW  with return code 0 (SQL_SUCCESS)
		HSTMT               0x000002770AE5B5B0
		WCHAR *             0x000002770C99F070 
		SDWORD                      18

2019-08-27 15:09:40.000145 pid=9792:tid=20396                	ENTER SQLNumResultCols 
		HSTMT               0x000002770AE5B5B0
		SWORD *             0x000000839FAFF7F0 (0)

2019-08-27 15:09:40.000145 pid=9792:tid=20396                	EXIT  SQLNumResultCols  with return code 0 (SQL_SUCCESS)
		HSTMT               0x000002770AE5B5B0
		SWORD *             0x000000839FAFF7F0 (2)

2019-08-27 15:09:40.000145 pid=9792:tid=20396                	ENTER SQLDescribeColW 
		HSTMT               0x000002770AE5B5B0
		UWORD                        1 
		WCHAR *             0x0000000000000000 [      -3] <empty string>
		SWORD                        0 
		SWORD *             0x000000839FAFF780 (0)
		SWORD *             0x000002770ACE17D8 (0)
		UDWORD *            0x000002770ACE17D0 (0)
		SWORD *             0x000002770ACE1800 (0)
		SWORD *             0x000002770ACE1802 (0)

2019-08-27 15:09:40.000145 pid=9792:tid=20396                	EXIT  SQLDescribeColW  with return code 0 (SQL_SUCCESS)
		HSTMT               0x000002770AE5B5B0
		UWORD                        1 
		WCHAR *             0x0000000000000000 
		SWORD                        0 
		SWORD *             0x000000839FAFF780 (3)
		SWORD *             0x000002770ACE17D8 (3)
		UDWORD *            0x000002770ACE17D0 (38)
		SWORD *             0x000002770ACE1800 (0)
		SWORD *             0x000002770ACE1802 (1)

2019-08-27 15:09:40.000146 pid=9792:tid=20396                	ENTER SQLDescribeColW 
		HSTMT               0x000002770AE5B5B0
		UWORD                        1 
		WCHAR *             0x000002770ACE17B0 [      -3] ""
		SWORD                        4 
		SWORD *             0x000000839FAFF780 (4)
		SWORD *             0x000002770ACE17D8 (3)
		UDWORD *            0x000002770ACE17D0 (38)
		SWORD *             0x000002770ACE1800 (0)
		SWORD *             0x000002770ACE1802 (1)

2019-08-27 15:09:40.000146 pid=9792:tid=20396                	EXIT  SQLDescribeColW  with return code 0 (SQL_SUCCESS)
		HSTMT               0x000002770AE5B5B0
		UWORD                        1 
		WCHAR *             0x000002770ACE17B0 
		SWORD                        4 
		SWORD *             0x000000839FAFF780 (3)
		SWORD *             0x000002770ACE17D8 (3)
		UDWORD *            0x000002770ACE17D0 (38)
		SWORD *             0x000002770ACE1800 (0)
		SWORD *             0x000002770ACE1802 (1)

2019-08-27 15:09:40.000146 pid=9792:tid=20396                	ENTER SQLDescribeColW 
		HSTMT               0x000002770AE5B5B0
		UWORD                        2 
		WCHAR *             0x0000000000000000 [      -3] <empty string>
		SWORD                        0 
		SWORD *             0x000000839FAFF780 (0)
		SWORD *             0x000002770ACE1830 (0)
		UDWORD *            0x000002770ACE1828 (0)
		SWORD *             0x000002770ACE1858 (0)
		SWORD *             0x000002770ACE185A (0)

2019-08-27 15:09:40.000146 pid=9792:tid=20396                	EXIT  SQLDescribeColW  with return code 0 (SQL_SUCCESS)
		HSTMT               0x000002770AE5B5B0
		UWORD                        2 
		WCHAR *             0x0000000000000000 
		SWORD                        0 
		SWORD *             0x000000839FAFF780 (4)
		SWORD *             0x000002770ACE1830 (12)
		UDWORD *            0x000002770ACE1828 (255)
		SWORD *             0x000002770ACE1858 (0)
		SWORD *             0x000002770ACE185A (1)

2019-08-27 15:09:40.000146 pid=9792:tid=20396                	ENTER SQLDescribeColW 
		HSTMT               0x000002770AE5B5B0
		UWORD                        2 
		WCHAR *             0x000002770ACE1808 [      -3] ""
		SWORD                        5 
		SWORD *             0x000000839FAFF780 (5)
		SWORD *             0x000002770ACE1830 (12)
		UDWORD *            0x000002770ACE1828 (255)
		SWORD *             0x000002770ACE1858 (0)
		SWORD *             0x000002770ACE185A (1)

2019-08-27 15:09:40.000146 pid=9792:tid=20396                	EXIT  SQLDescribeColW  with return code 0 (SQL_SUCCESS)
		HSTMT               0x000002770AE5B5B0
		UWORD                        2 
		WCHAR *             0x000002770ACE1808 
		SWORD                        5 
		SWORD *             0x000000839FAFF780 (4)
		SWORD *             0x000002770ACE1830 (12)
		UDWORD *            0x000002770ACE1828 (255)
		SWORD *             0x000002770ACE1858 (0)
		SWORD *             0x000002770ACE185A (1)

2019-08-27 15:09:40.000146 pid=9792:tid=20396                	ENTER SQLFetchScroll 
		SQLHSTMT            0x000002770AE5B5B0
		SQLSMALLINT                  1 <SQL_FETCH_NEXT>
		SQLINTEGER                   1 

2019-08-27 15:09:40.000387 pid=9792:tid=20396                	EXIT  SQLFetchScroll  with return code 0 (SQL_SUCCESS)
		SQLHSTMT            0x000002770AE5B5B0
		SQLSMALLINT                  1 <SQL_FETCH_NEXT>
		SQLINTEGER                   1 

2019-08-27 15:09:40.000387 pid=9792:tid=20396                	ENTER SQLGetData 
		HSTMT               0x000002770AE5B5B0
		UWORD                        1 
		SWORD                        2 <SQL_C_NUMERIC>
		PTR                 <unknown type>
		SDWORD                      19
		SDWORD *            0x000000839FAFF790 (2)

2019-08-27 15:09:40.000389 pid=9792:tid=20396                	EXIT  SQLGetData  with return code 0 (SQL_SUCCESS)
		HSTMT               0x000002770AE5B5B0
		UWORD                        1 
		SWORD                        2 <SQL_C_NUMERIC>
		PTR                 <unknown type>
		SDWORD                      19
		SDWORD *            0x000000839FAFF790 (19)

2019-08-27 15:09:40.000389 pid=9792:tid=20396                	ENTER SQLGetData 
		HSTMT               0x000002770AE5B5B0
		UWORD                        2 
		SWORD                        1 <SQL_C_CHAR>
		PTR                 0x000002770C993F90 
		SDWORD                     256
		SDWORD *            0x000000839FAFF790 (19)

2019-08-27 15:09:40.000390 pid=9792:tid=20396                	EXIT  SQLGetData  with return code 0 (SQL_SUCCESS)
		HSTMT               0x000002770AE5B5B0
		UWORD                        2 
		SWORD                        1 <SQL_C_CHAR>
		PTR                 0x000002770C993F90 [       4] "test"		SDWORD                     256
		SDWORD *            0x000000839FAFF790 (4)

2019-08-27 15:09:40.000390 pid=9792:tid=20396                	ENTER SQLFreeHandle 
		SQLSMALLINT                  3 <SQL_HANDLE_STMT>
		SQLHANDLE           0x000002770AE5B5B0

2019-08-27 15:09:40.000390 pid=9792:tid=20396                	EXIT  SQLFreeHandle  with return code 0 (SQL_SUCCESS)
		SQLSMALLINT                  3 <SQL_HANDLE_STMT>
		SQLHANDLE           0x000002770AE5B5B0

2019-08-27 15:09:40.000396 pid=9792:tid=14240                	ENTER SQLFreeHandle 
		SQLSMALLINT                  1 <SQL_HANDLE_ENV>
		SQLHANDLE           0x000002770AE59C40

2019-08-27 15:09:40.000396 pid=9792:tid=14240                	EXIT  SQLFreeHandle  with return code -1 (SQL_ERROR)
		SQLSMALLINT                  1 <SQL_HANDLE_ENV>
		SQLHANDLE           0x000002770AE59C40
