
2019-08-29 04:36:48.601239 ppid=16121:pid=17637:tid=139846664914752                                        	ENTER SQLAllocConnect 

2019-08-29 04:36:48.601239 ppid=16121:pid=17637:tid=139846664914752                                        	HENV                0x00000001d6b850

2019-08-29 04:36:48.601239 ppid=16121:pid=17637:tid=139846664914752                                        	HDBC *              0x007ffd2a565300

2019-08-29 04:36:48.601331 (Time elapsed in microseconds :       92) ppid=16121:pid=17637:tid=139846664914 	EXIT  SQLAllocConnect  with return code 0 (SQL_SUCCESS)

2019-08-29 04:36:48.601331 (Time elapsed in microseconds :       92) ppid=16121:pid=17637:tid=139846664914 	HENV                0x00000001d6b850

2019-08-29 04:36:48.601331 (Time elapsed in microseconds :       92) ppid=16121:pid=17637:tid=139846664914 	HDBC *              0x007ffd2a565300 ( 0x00000001d6efd0)

2019-08-29 04:36:48.601347 ppid=16121:pid=17637:tid=139846664914752                                        	ENTER SQLConnect 

2019-08-29 04:36:48.601347 ppid=16121:pid=17637:tid=139846664914752                                        	HDBC                0x00000001d6efd0

2019-08-29 04:36:48.601347 ppid=16121:pid=17637:tid=139846664914752                                        	UCHAR *             0x007ffd2a565270 [4294967293] "Db2\x00"

2019-08-29 04:36:48.601347 ppid=16121:pid=17637:tid=139846664914752                                        	SWORD                       -3 

2019-08-29 04:36:48.601347 ppid=16121:pid=17637:tid=139846664914752                                        	UCHAR *             0x007ffd2a5652d0 [4294967293] "\x00"

2019-08-29 04:36:48.601347 ppid=16121:pid=17637:tid=139846664914752                                        	SWORD                       -3 

2019-08-29 04:36:48.601347 ppid=16121:pid=17637:tid=139846664914752                                        	UCHAR *             0x007f3096a63424 [4294967293] "******\x00"

2019-08-29 04:36:48.601347 ppid=16121:pid=17637:tid=139846664914752                                        	SWORD                       -3 

2019-08-29 04:36:48.601659 (Time elapsed in microseconds :      312) ppid=16121:pid=17637:tid=139846664914 	EXIT  SQLConnect  with return code -1 (SQL_ERROR)

2019-08-29 04:36:48.601659 (Time elapsed in microseconds :      312) ppid=16121:pid=17637:tid=139846664914 	HDBC                0x00000001d6efd0

2019-08-29 04:36:48.601659 (Time elapsed in microseconds :      312) ppid=16121:pid=17637:tid=139846664914 	UCHAR *             0x007ffd2a565270 [4294967293] "Db2\x00"

2019-08-29 04:36:48.601659 (Time elapsed in microseconds :      312) ppid=16121:pid=17637:tid=139846664914 	SWORD                       -3 

2019-08-29 04:36:48.601659 (Time elapsed in microseconds :      312) ppid=16121:pid=17637:tid=139846664914 	UCHAR *             0x007ffd2a5652d0 [4294967293] "\x00"

2019-08-29 04:36:48.601659 (Time elapsed in microseconds :      312) ppid=16121:pid=17637:tid=139846664914 	SWORD                       -3 

2019-08-29 04:36:48.601659 (Time elapsed in microseconds :      312) ppid=16121:pid=17637:tid=139846664914 	UCHAR *             0x007f3096a63424 [4294967293] "******\x00"

2019-08-29 04:36:48.601659 (Time elapsed in microseconds :      312) ppid=16121:pid=17637:tid=139846664914 	SWORD                       -3 

2019-08-29 04:36:48.601685 ppid=16121:pid=17637:tid=139846664914752                                        	ENTER SQLError 

2019-08-29 04:36:48.601685 ppid=16121:pid=17637:tid=139846664914752                                        	HENV                0x00000001d6b850

2019-08-29 04:36:48.601685 ppid=16121:pid=17637:tid=139846664914752                                        	HDBC                0x00000001d6efd0

2019-08-29 04:36:48.601685 ppid=16121:pid=17637:tid=139846664914752                                        	HSTMT                          (nil)

2019-08-29 04:36:48.601685 ppid=16121:pid=17637:tid=139846664914752                                        	UCHAR *             0x007ffd2a564bb0 (NYI) 
 
2019-08-29 04:36:48.601685 ppid=16121:pid=17637:tid=139846664914752                                        	SDWORD *            0x007ffd2a5649ac

2019-08-29 04:36:48.601685 ppid=16121:pid=17637:tid=139846664914752                                        	UCHAR *             0x007ffd2a5649b0 

2019-08-29 04:36:48.601685 ppid=16121:pid=17637:tid=139846664914752                                        	SWORD                      511 

2019-08-29 04:36:48.601685 ppid=16121:pid=17637:tid=139846664914752                                        	SWORD *             0x007ffd2a5649aa

2019-08-29 04:36:48.601737 (Time elapsed in microseconds :       52) ppid=16121:pid=17637:tid=139846664914 	EXIT  SQLError  with return code 0 (SQL_SUCCESS)

2019-08-29 04:36:48.601737 (Time elapsed in microseconds :       52) ppid=16121:pid=17637:tid=139846664914 	HENV                0x00000001d6b850

2019-08-29 04:36:48.601737 (Time elapsed in microseconds :       52) ppid=16121:pid=17637:tid=139846664914 	HDBC                0x00000001d6efd0

2019-08-29 04:36:48.601737 (Time elapsed in microseconds :       52) ppid=16121:pid=17637:tid=139846664914 	HSTMT                          (nil)

2019-08-29 04:36:48.601737 (Time elapsed in microseconds :       52) ppid=16121:pid=17637:tid=139846664914 	UCHAR *             0x007ffd2a564bb0 [  5] "IM002"

2019-08-29 04:36:48.601737 (Time elapsed in microseconds :       52) ppid=16121:pid=17637:tid=139846664914 	SDWORD *            0x007ffd2a5649ac (0)

2019-08-29 04:36:48.601737 (Time elapsed in microseconds :       52) ppid=16121:pid=17637:tid=139846664914 	UCHAR *             0x007ffd2a5649b0 [      81] "[DataDirect][ODBC lib] Data source name not found and no default driver specified"

2019-08-29 04:36:48.601737 (Time elapsed in microseconds :       52) ppid=16121:pid=17637:tid=139846664914 	SWORD                      511 

2019-08-29 04:36:48.601737 (Time elapsed in microseconds :       52) ppid=16121:pid=17637:tid=139846664914 	SWORD *             0x007ffd2a5649aa (81)

2019-08-29 04:36:48.601771 ppid=16121:pid=17637:tid=139846664914752                                        	ENTER SQLError 

2019-08-29 04:36:48.601771 ppid=16121:pid=17637:tid=139846664914752                                        	HENV                0x00000001d6b850

2019-08-29 04:36:48.601771 ppid=16121:pid=17637:tid=139846664914752                                        	HDBC                0x00000001d6efd0

2019-08-29 04:36:48.601771 ppid=16121:pid=17637:tid=139846664914752                                        	HSTMT                          (nil)

2019-08-29 04:36:48.601771 ppid=16121:pid=17637:tid=139846664914752                                        	UCHAR *             0x007ffd2a564bb0 (NYI) 
 
2019-08-29 04:36:48.601771 ppid=16121:pid=17637:tid=139846664914752                                        	SDWORD *            0x007ffd2a5649ac

2019-08-29 04:36:48.601771 ppid=16121:pid=17637:tid=139846664914752                                        	UCHAR *             0x007ffd2a5649b0 

2019-08-29 04:36:48.601771 ppid=16121:pid=17637:tid=139846664914752                                        	SWORD                      511 

2019-08-29 04:36:48.601771 ppid=16121:pid=17637:tid=139846664914752                                        	SWORD *             0x007ffd2a5649aa

2019-08-29 04:36:48.601793 (Time elapsed in microseconds :       22) ppid=16121:pid=17637:tid=139846664914 	EXIT  SQLError  with return code 100 (SQL_NO_DATA_FOUND)

2019-08-29 04:36:48.601793 (Time elapsed in microseconds :       22) ppid=16121:pid=17637:tid=139846664914 	HENV                0x00000001d6b850

2019-08-29 04:36:48.601793 (Time elapsed in microseconds :       22) ppid=16121:pid=17637:tid=139846664914 	HDBC                0x00000001d6efd0

2019-08-29 04:36:48.601793 (Time elapsed in microseconds :       22) ppid=16121:pid=17637:tid=139846664914 	HSTMT                          (nil)

2019-08-29 04:36:48.601793 (Time elapsed in microseconds :       22) ppid=16121:pid=17637:tid=139846664914 	UCHAR *             0x007ffd2a564bb0 (NYI) 
 
2019-08-29 04:36:48.601793 (Time elapsed in microseconds :       22) ppid=16121:pid=17637:tid=139846664914 	SDWORD *            0x007ffd2a5649ac

2019-08-29 04:36:48.601793 (Time elapsed in microseconds :       22) ppid=16121:pid=17637:tid=139846664914 	UCHAR *             0x007ffd2a5649b0 

2019-08-29 04:36:48.601793 (Time elapsed in microseconds :       22) ppid=16121:pid=17637:tid=139846664914 	SWORD                      511 

2019-08-29 04:36:48.601793 (Time elapsed in microseconds :       22) ppid=16121:pid=17637:tid=139846664914 	SWORD *             0x007ffd2a5649aa

2019-08-29 04:36:48.601820 ppid=16121:pid=17637:tid=139846664914752                                        	ENTER SQLConnect 

2019-08-29 04:36:48.601820 ppid=16121:pid=17637:tid=139846664914752                                        	HDBC                0x00000001d6efd0

2019-08-29 04:36:48.601820 ppid=16121:pid=17637:tid=139846664914752                                        	UCHAR *             0x007ffd2a565270 [4294967293] "Db2\x00"

2019-08-29 04:36:48.601820 ppid=16121:pid=17637:tid=139846664914752                                        	SWORD                       -3 

2019-08-29 04:36:48.601820 ppid=16121:pid=17637:tid=139846664914752                                        	UCHAR *             0x007ffd2a5652d0 [4294967293] "\x00"

2019-08-29 04:36:48.601820 ppid=16121:pid=17637:tid=139846664914752                                        	SWORD                       -3 

2019-08-29 04:36:48.601820 ppid=16121:pid=17637:tid=139846664914752                                        	UCHAR *             0x007f3096a63424 [4294967293] "******\x00"

2019-08-29 04:36:48.601820 ppid=16121:pid=17637:tid=139846664914752                                        	SWORD                       -3 

2019-08-29 04:36:48.602043 (Time elapsed in microseconds :      223) ppid=16121:pid=17637:tid=139846664914 	EXIT  SQLConnect  with return code -1 (SQL_ERROR)

2019-08-29 04:36:48.602043 (Time elapsed in microseconds :      223) ppid=16121:pid=17637:tid=139846664914 	HDBC                0x00000001d6efd0

2019-08-29 04:36:48.602043 (Time elapsed in microseconds :      223) ppid=16121:pid=17637:tid=139846664914 	UCHAR *             0x007ffd2a565270 [4294967293] "Db2\x00"

2019-08-29 04:36:48.602043 (Time elapsed in microseconds :      223) ppid=16121:pid=17637:tid=139846664914 	SWORD                       -3 

2019-08-29 04:36:48.602043 (Time elapsed in microseconds :      223) ppid=16121:pid=17637:tid=139846664914 	UCHAR *             0x007ffd2a5652d0 [4294967293] "\x00"

2019-08-29 04:36:48.602043 (Time elapsed in microseconds :      223) ppid=16121:pid=17637:tid=139846664914 	SWORD                       -3 

2019-08-29 04:36:48.602043 (Time elapsed in microseconds :      223) ppid=16121:pid=17637:tid=139846664914 	UCHAR *             0x007f3096a63424 [4294967293] "******\x00"

2019-08-29 04:36:48.602043 (Time elapsed in microseconds :      223) ppid=16121:pid=17637:tid=139846664914 	SWORD                       -3 

2019-08-29 04:36:48.602064 ppid=16121:pid=17637:tid=139846664914752                                        	ENTER SQLError 

2019-08-29 04:36:48.602064 ppid=16121:pid=17637:tid=139846664914752                                        	HENV                0x00000001d6b850

2019-08-29 04:36:48.602064 ppid=16121:pid=17637:tid=139846664914752                                        	HDBC                0x00000001d6efd0

2019-08-29 04:36:48.602064 ppid=16121:pid=17637:tid=139846664914752                                        	HSTMT                          (nil)

2019-08-29 04:36:48.602064 ppid=16121:pid=17637:tid=139846664914752                                        	UCHAR *             0x007ffd2a564bb0 (NYI) 
 
2019-08-29 04:36:48.602064 ppid=16121:pid=17637:tid=139846664914752                                        	SDWORD *            0x007ffd2a5649ac

2019-08-29 04:36:48.602064 ppid=16121:pid=17637:tid=139846664914752                                        	UCHAR *             0x007ffd2a5649b0 

2019-08-29 04:36:48.602064 ppid=16121:pid=17637:tid=139846664914752                                        	SWORD                      511 

2019-08-29 04:36:48.602064 ppid=16121:pid=17637:tid=139846664914752                                        	SWORD *             0x007ffd2a5649aa

2019-08-29 04:36:48.602092 (Time elapsed in microseconds :       28) ppid=16121:pid=17637:tid=139846664914 	EXIT  SQLError  with return code 0 (SQL_SUCCESS)

2019-08-29 04:36:48.602092 (Time elapsed in microseconds :       28) ppid=16121:pid=17637:tid=139846664914 	HENV                0x00000001d6b850

2019-08-29 04:36:48.602092 (Time elapsed in microseconds :       28) ppid=16121:pid=17637:tid=139846664914 	HDBC                0x00000001d6efd0

2019-08-29 04:36:48.602092 (Time elapsed in microseconds :       28) ppid=16121:pid=17637:tid=139846664914 	HSTMT                          (nil)

2019-08-29 04:36:48.602092 (Time elapsed in microseconds :       28) ppid=16121:pid=17637:tid=139846664914 	UCHAR *             0x007ffd2a564bb0 [  5] "IM002"

2019-08-29 04:36:48.602092 (Time elapsed in microseconds :       28) ppid=16121:pid=17637:tid=139846664914 	SDWORD *            0x007ffd2a5649ac (0)

2019-08-29 04:36:48.602092 (Time elapsed in microseconds :       28) ppid=16121:pid=17637:tid=139846664914 	UCHAR *             0x007ffd2a5649b0 [      81] "[DataDirect][ODBC lib] Data source name not found and no default driver specified"

2019-08-29 04:36:48.602092 (Time elapsed in microseconds :       28) ppid=16121:pid=17637:tid=139846664914 	SWORD                      511 

2019-08-29 04:36:48.602092 (Time elapsed in microseconds :       28) ppid=16121:pid=17637:tid=139846664914 	SWORD *             0x007ffd2a5649aa (81)

2019-08-29 04:36:48.602119 ppid=16121:pid=17637:tid=139846664914752                                        	ENTER SQLError 

2019-08-29 04:36:48.602119 ppid=16121:pid=17637:tid=139846664914752                                        	HENV                0x00000001d6b850

2019-08-29 04:36:48.602119 ppid=16121:pid=17637:tid=139846664914752                                        	HDBC                0x00000001d6efd0

2019-08-29 04:36:48.602119 ppid=16121:pid=17637:tid=139846664914752                                        	HSTMT                          (nil)

2019-08-29 04:36:48.602119 ppid=16121:pid=17637:tid=139846664914752                                        	UCHAR *             0x007ffd2a564bb0 (NYI) 
 
2019-08-29 04:36:48.602119 ppid=16121:pid=17637:tid=139846664914752                                        	SDWORD *            0x007ffd2a5649ac

2019-08-29 04:36:48.602119 ppid=16121:pid=17637:tid=139846664914752                                        	UCHAR *             0x007ffd2a5649b0 

2019-08-29 04:36:48.602119 ppid=16121:pid=17637:tid=139846664914752                                        	SWORD                      511 

2019-08-29 04:36:48.602119 ppid=16121:pid=17637:tid=139846664914752                                        	SWORD *             0x007ffd2a5649aa

2019-08-29 04:36:48.602152 (Time elapsed in microseconds :       33) ppid=16121:pid=17637:tid=139846664914 	EXIT  SQLError  with return code 100 (SQL_NO_DATA_FOUND)

2019-08-29 04:36:48.602152 (Time elapsed in microseconds :       33) ppid=16121:pid=17637:tid=139846664914 	HENV                0x00000001d6b850

2019-08-29 04:36:48.602152 (Time elapsed in microseconds :       33) ppid=16121:pid=17637:tid=139846664914 	HDBC                0x00000001d6efd0

2019-08-29 04:36:48.602152 (Time elapsed in microseconds :       33) ppid=16121:pid=17637:tid=139846664914 	HSTMT                          (nil)

2019-08-29 04:36:48.602152 (Time elapsed in microseconds :       33) ppid=16121:pid=17637:tid=139846664914 	UCHAR *             0x007ffd2a564bb0 (NYI) 
 
2019-08-29 04:36:48.602152 (Time elapsed in microseconds :       33) ppid=16121:pid=17637:tid=139846664914 	SDWORD *            0x007ffd2a5649ac

2019-08-29 04:36:48.602152 (Time elapsed in microseconds :       33) ppid=16121:pid=17637:tid=139846664914 	UCHAR *             0x007ffd2a5649b0 

2019-08-29 04:36:48.602152 (Time elapsed in microseconds :       33) ppid=16121:pid=17637:tid=139846664914 	SWORD                      511 

2019-08-29 04:36:48.602152 (Time elapsed in microseconds :       33) ppid=16121:pid=17637:tid=139846664914 	SWORD *             0x007ffd2a5649aa

2019-08-29 04:36:48.602178 ppid=16121:pid=17637:tid=139846664914752                                        	ENTER SQLConnect 

2019-08-29 04:36:48.602178 ppid=16121:pid=17637:tid=139846664914752                                        	HDBC                0x00000001d6efd0

2019-08-29 04:36:48.602178 ppid=16121:pid=17637:tid=139846664914752                                        	UCHAR *             0x007ffd2a565270 [4294967293] "Db2\x00"

2019-08-29 04:36:48.602178 ppid=16121:pid=17637:tid=139846664914752                                        	SWORD                       -3 

2019-08-29 04:36:48.602178 ppid=16121:pid=17637:tid=139846664914752                                        	UCHAR *             0x007ffd2a5652d0 [4294967293] "\x00"

2019-08-29 04:36:48.602178 ppid=16121:pid=17637:tid=139846664914752                                        	SWORD                       -3 

2019-08-29 04:36:48.602178 ppid=16121:pid=17637:tid=139846664914752                                        	UCHAR *             0x007f3096a63424 [4294967293] "******\x00"

2019-08-29 04:36:48.602178 ppid=16121:pid=17637:tid=139846664914752                                        	SWORD                       -3 

2019-08-29 04:36:48.602397 (Time elapsed in microseconds :      219) ppid=16121:pid=17637:tid=139846664914 	EXIT  SQLConnect  with return code -1 (SQL_ERROR)

2019-08-29 04:36:48.602397 (Time elapsed in microseconds :      219) ppid=16121:pid=17637:tid=139846664914 	HDBC                0x00000001d6efd0

2019-08-29 04:36:48.602397 (Time elapsed in microseconds :      219) ppid=16121:pid=17637:tid=139846664914 	UCHAR *             0x007ffd2a565270 [4294967293] "Db2\x00"

2019-08-29 04:36:48.602397 (Time elapsed in microseconds :      219) ppid=16121:pid=17637:tid=139846664914 	SWORD                       -3 

2019-08-29 04:36:48.602397 (Time elapsed in microseconds :      219) ppid=16121:pid=17637:tid=139846664914 	UCHAR *             0x007ffd2a5652d0 [4294967293] "\x00"

2019-08-29 04:36:48.602397 (Time elapsed in microseconds :      219) ppid=16121:pid=17637:tid=139846664914 	SWORD                       -3 

2019-08-29 04:36:48.602397 (Time elapsed in microseconds :      219) ppid=16121:pid=17637:tid=139846664914 	UCHAR *             0x007f3096a63424 [4294967293] "******\x00"

2019-08-29 04:36:48.602397 (Time elapsed in microseconds :      219) ppid=16121:pid=17637:tid=139846664914 	SWORD                       -3 

2019-08-29 04:36:48.602416 ppid=16121:pid=17637:tid=139846664914752                                        	ENTER SQLError 

2019-08-29 04:36:48.602416 ppid=16121:pid=17637:tid=139846664914752                                        	HENV                0x00000001d6b850

2019-08-29 04:36:48.602416 ppid=16121:pid=17637:tid=139846664914752                                        	HDBC                0x00000001d6efd0

2019-08-29 04:36:48.602416 ppid=16121:pid=17637:tid=139846664914752                                        	HSTMT                          (nil)

2019-08-29 04:36:48.602416 ppid=16121:pid=17637:tid=139846664914752                                        	UCHAR *             0x007ffd2a564bb0 (NYI) 
 
2019-08-29 04:36:48.602416 ppid=16121:pid=17637:tid=139846664914752                                        	SDWORD *            0x007ffd2a5649ac

2019-08-29 04:36:48.602416 ppid=16121:pid=17637:tid=139846664914752                                        	UCHAR *             0x007ffd2a5649b0 

2019-08-29 04:36:48.602416 ppid=16121:pid=17637:tid=139846664914752                                        	SWORD                      511 

2019-08-29 04:36:48.602416 ppid=16121:pid=17637:tid=139846664914752                                        	SWORD *             0x007ffd2a5649aa

2019-08-29 04:36:48.602438 (Time elapsed in microseconds :       22) ppid=16121:pid=17637:tid=139846664914 	EXIT  SQLError  with return code 0 (SQL_SUCCESS)

2019-08-29 04:36:48.602438 (Time elapsed in microseconds :       22) ppid=16121:pid=17637:tid=139846664914 	HENV                0x00000001d6b850

2019-08-29 04:36:48.602438 (Time elapsed in microseconds :       22) ppid=16121:pid=17637:tid=139846664914 	HDBC                0x00000001d6efd0

2019-08-29 04:36:48.602438 (Time elapsed in microseconds :       22) ppid=16121:pid=17637:tid=139846664914 	HSTMT                          (nil)

2019-08-29 04:36:48.602438 (Time elapsed in microseconds :       22) ppid=16121:pid=17637:tid=139846664914 	UCHAR *             0x007ffd2a564bb0 [  5] "IM002"

2019-08-29 04:36:48.602438 (Time elapsed in microseconds :       22) ppid=16121:pid=17637:tid=139846664914 	SDWORD *            0x007ffd2a5649ac (0)

2019-08-29 04:36:48.602438 (Time elapsed in microseconds :       22) ppid=16121:pid=17637:tid=139846664914 	UCHAR *             0x007ffd2a5649b0 [      81] "[DataDirect][ODBC lib] Data source name not found and no default driver specified"

2019-08-29 04:36:48.602438 (Time elapsed in microseconds :       22) ppid=16121:pid=17637:tid=139846664914 	SWORD                      511 

2019-08-29 04:36:48.602438 (Time elapsed in microseconds :       22) ppid=16121:pid=17637:tid=139846664914 	SWORD *             0x007ffd2a5649aa (81)

2019-08-29 04:36:48.602466 ppid=16121:pid=17637:tid=139846664914752                                        	ENTER SQLError 

2019-08-29 04:36:48.602466 ppid=16121:pid=17637:tid=139846664914752                                        	HENV                0x00000001d6b850

2019-08-29 04:36:48.602466 ppid=16121:pid=17637:tid=139846664914752                                        	HDBC                0x00000001d6efd0

2019-08-29 04:36:48.602466 ppid=16121:pid=17637:tid=139846664914752                                        	HSTMT                          (nil)

2019-08-29 04:36:48.602466 ppid=16121:pid=17637:tid=139846664914752                                        	UCHAR *             0x007ffd2a564bb0 (NYI) 
 
2019-08-29 04:36:48.602466 ppid=16121:pid=17637:tid=139846664914752                                        	SDWORD *            0x007ffd2a5649ac

2019-08-29 04:36:48.602466 ppid=16121:pid=17637:tid=139846664914752                                        	UCHAR *             0x007ffd2a5649b0 

2019-08-29 04:36:48.602466 ppid=16121:pid=17637:tid=139846664914752                                        	SWORD                      511 

2019-08-29 04:36:48.602466 ppid=16121:pid=17637:tid=139846664914752                                        	SWORD *             0x007ffd2a5649aa

2019-08-29 04:36:48.602485 (Time elapsed in microseconds :       19) ppid=16121:pid=17637:tid=139846664914 	EXIT  SQLError  with return code 100 (SQL_NO_DATA_FOUND)

2019-08-29 04:36:48.602485 (Time elapsed in microseconds :       19) ppid=16121:pid=17637:tid=139846664914 	HENV                0x00000001d6b850

2019-08-29 04:36:48.602485 (Time elapsed in microseconds :       19) ppid=16121:pid=17637:tid=139846664914 	HDBC                0x00000001d6efd0

2019-08-29 04:36:48.602485 (Time elapsed in microseconds :       19) ppid=16121:pid=17637:tid=139846664914 	HSTMT                          (nil)

2019-08-29 04:36:48.602485 (Time elapsed in microseconds :       19) ppid=16121:pid=17637:tid=139846664914 	UCHAR *             0x007ffd2a564bb0 (NYI) 
 
2019-08-29 04:36:48.602485 (Time elapsed in microseconds :       19) ppid=16121:pid=17637:tid=139846664914 	SDWORD *            0x007ffd2a5649ac

2019-08-29 04:36:48.602485 (Time elapsed in microseconds :       19) ppid=16121:pid=17637:tid=139846664914 	UCHAR *             0x007ffd2a5649b0 

2019-08-29 04:36:48.602485 (Time elapsed in microseconds :       19) ppid=16121:pid=17637:tid=139846664914 	SWORD                      511 

2019-08-29 04:36:48.602485 (Time elapsed in microseconds :       19) ppid=16121:pid=17637:tid=139846664914 	SWORD *             0x007ffd2a5649aa

2019-08-29 04:36:48.602505 ppid=16121:pid=17637:tid=139846664914752                                        	ENTER SQLError 

2019-08-29 04:36:48.602505 ppid=16121:pid=17637:tid=139846664914752                                        	HENV                0x00000001d6b850

2019-08-29 04:36:48.602505 ppid=16121:pid=17637:tid=139846664914752                                        	HDBC                0x00000001d6efd0

2019-08-29 04:36:48.602505 ppid=16121:pid=17637:tid=139846664914752                                        	HSTMT                          (nil)

2019-08-29 04:36:48.602505 ppid=16121:pid=17637:tid=139846664914752                                        	UCHAR *             0x007ffd2a564bb0 (NYI) 
 
2019-08-29 04:36:48.602505 ppid=16121:pid=17637:tid=139846664914752                                        	SDWORD *            0x007ffd2a5649ac

2019-08-29 04:36:48.602505 ppid=16121:pid=17637:tid=139846664914752                                        	UCHAR *             0x007ffd2a5649b0 

2019-08-29 04:36:48.602505 ppid=16121:pid=17637:tid=139846664914752                                        	SWORD                      511 

2019-08-29 04:36:48.602505 ppid=16121:pid=17637:tid=139846664914752                                        	SWORD *             0x007ffd2a5649aa

2019-08-29 04:36:48.602526 (Time elapsed in microseconds :       21) ppid=16121:pid=17637:tid=139846664914 	EXIT  SQLError  with return code 100 (SQL_NO_DATA_FOUND)

2019-08-29 04:36:48.602526 (Time elapsed in microseconds :       21) ppid=16121:pid=17637:tid=139846664914 	HENV                0x00000001d6b850

2019-08-29 04:36:48.602526 (Time elapsed in microseconds :       21) ppid=16121:pid=17637:tid=139846664914 	HDBC                0x00000001d6efd0

2019-08-29 04:36:48.602526 (Time elapsed in microseconds :       21) ppid=16121:pid=17637:tid=139846664914 	HSTMT                          (nil)

2019-08-29 04:36:48.602526 (Time elapsed in microseconds :       21) ppid=16121:pid=17637:tid=139846664914 	UCHAR *             0x007ffd2a564bb0 (NYI) 
 
2019-08-29 04:36:48.602526 (Time elapsed in microseconds :       21) ppid=16121:pid=17637:tid=139846664914 	SDWORD *            0x007ffd2a5649ac

2019-08-29 04:36:48.602526 (Time elapsed in microseconds :       21) ppid=16121:pid=17637:tid=139846664914 	UCHAR *             0x007ffd2a5649b0 

2019-08-29 04:36:48.602526 (Time elapsed in microseconds :       21) ppid=16121:pid=17637:tid=139846664914 	SWORD                      511 

2019-08-29 04:36:48.602526 (Time elapsed in microseconds :       21) ppid=16121:pid=17637:tid=139846664914 	SWORD *             0x007ffd2a5649aa
